# JRE version: OpenJDK Runtime Environment Microsoft-11933218 (21.0.8+9) (build 21.0.8+9-LTS)
# Java VM: OpenJDK 64-Bit Server VM Microsoft-11933218 (21.0.8+9-LTS, mixed mode, emulated-client, sharing, tiered, compressed oops, compressed class ptrs, g1 gc, windows-amd64)
GC Precious Log:
 CardTable entry size: 512
 Card Set container configuration: InlinePtr #cards 4 size 8 Array Of Cards #cards 16 size 48 Howl #buckets 8 coarsen threshold 3686 Howl Bitmap #cards 512 size 80 coarsen threshold 460 Card regions per heap region 1 cards per card region 4096
 CPUs: 20 total, 20 available
 Memory: 16108M
 Large Page Support: Disabled
 NUMA Support: Disabled
 Compressed Oops: Enabled (Zero based)
 Heap Region Size: 2M
 Heap Min Capacity: 8M
 Heap Initial Capacity: 252M
 Heap Max Capacity: 4028M
 Pre-touch: Disabled
 Parallel Workers: 15
 Concurrent Workers: 4
 Concurrent Refinement Workers: 15
 Periodic GC: Disabled
Heap:
 garbage-first heap   total 190464K, used 77629K [0x0000000704400000, 0x0000000800000000)
  region size 2048K, 6 young (12288K), 2 survivors (4096K)
 Metaspace       used 108292K, committed 110144K, reserved 1179648K
  class space    used 15669K, committed 16384K, reserved 1048576K
GC Heap History (20 events):
Event: 17.900 GC heap before
{Heap before GC invocations=26 (full 0):
 garbage-first heap   total 190464K, used 156577K [0x0000000704400000, 0x0000000800000000)
  region size 2048K, 38 young (77824K), 3 survivors (6144K)
 Metaspace       used 84235K, committed 85120K, reserved 1179648K
  class space    used 12520K, committed 12928K, reserved 1048576K
}
Event: 17.903 GC heap after
{Heap after GC invocations=27 (full 0):
 garbage-first heap   total 190464K, used 82828K [0x0000000704400000, 0x0000000800000000)
  region size 2048K, 2 young (4096K), 2 survivors (4096K)
 Metaspace       used 84235K, committed 85120K, reserved 1179648K
  class space    used 12520K, committed 12928K, reserved 1048576K
}
Event: 19.408 GC heap before
{Heap before GC invocations=28 (full 0):
 garbage-first heap   total 190464K, used 156556K [0x0000000704400000, 0x0000000800000000)
  region size 2048K, 40 young (81920K), 2 survivors (4096K)
 Metaspace       used 91322K, committed 92224K, reserved 1179648K
  class space    used 13185K, committed 13568K, reserved 1048576K
}
Event: 19.414 GC heap after
{Heap after GC invocations=29 (full 0):
 garbage-first heap   total 190464K, used 83754K [0x0000000704400000, 0x0000000800000000)
  region size 2048K, 4 young (8192K), 4 survivors (8192K)
 Metaspace       used 91322K, committed 92224K, reserved 1179648K
  class space    used 13185K, committed 13568K, reserved 1048576K
}
Event: 19.724 GC heap before
{Heap before GC invocations=29 (full 0):
 garbage-first heap   total 190464K, used 163626K [0x0000000704400000, 0x0000000800000000)
  region size 2048K, 43 young (88064K), 4 survivors (8192K)
 Metaspace       used 91401K, committed 92288K, reserved 1179648K
  class space    used 13193K, committed 13568K, reserved 1048576K
}
Event: 19.731 GC heap after
{Heap after GC invocations=30 (full 0):
 garbage-first heap   total 190464K, used 80669K [0x0000000704400000, 0x0000000800000000)
  region size 2048K, 4 young (8192K), 4 survivors (8192K)
 Metaspace       used 91401K, committed 92288K, reserved 1179648K
  class space    used 13193K, committed 13568K, reserved 1048576K
}
Event: 20.012 GC heap before
{Heap before GC invocations=30 (full 0):
 garbage-first heap   total 190464K, used 166685K [0x0000000704400000, 0x0000000800000000)
  region size 2048K, 46 young (94208K), 4 survivors (8192K)
 Metaspace       used 91476K, committed 92352K, reserved 1179648K
  class space    used 13211K, committed 13568K, reserved 1048576K
}
Event: 20.017 GC heap after
{Heap after GC invocations=31 (full 0):
 garbage-first heap   total 190464K, used 82156K [0x0000000704400000, 0x0000000800000000)
  region size 2048K, 4 young (8192K), 4 survivors (8192K)
 Metaspace       used 91476K, committed 92352K, reserved 1179648K
  class space    used 13211K, committed 13568K, reserved 1048576K
}
Event: 20.989 GC heap before
{Heap before GC invocations=32 (full 0):
 garbage-first heap   total 190464K, used 164076K [0x0000000704400000, 0x0000000800000000)
  region size 2048K, 46 young (94208K), 4 survivors (8192K)
 Metaspace       used 93330K, committed 94272K, reserved 1179648K
  class space    used 13481K, committed 13888K, reserved 1048576K
}
Event: 20.995 GC heap after
{Heap after GC invocations=33 (full 0):
 garbage-first heap   total 190464K, used 80412K [0x0000000704400000, 0x0000000800000000)
  region size 2048K, 3 young (6144K), 3 survivors (6144K)
 Metaspace       used 93330K, committed 94272K, reserved 1179648K
  class space    used 13481K, committed 13888K, reserved 1048576K
}
Event: 47.273 GC heap before
{Heap before GC invocations=33 (full 0):
 garbage-first heap   total 190464K, used 168476K [0x0000000704400000, 0x0000000800000000)
  region size 2048K, 47 young (96256K), 3 survivors (6144K)
 Metaspace       used 99010K, committed 100160K, reserved 1179648K
  class space    used 14369K, committed 14912K, reserved 1048576K
}
Event: 47.281 GC heap after
{Heap after GC invocations=34 (full 0):
 garbage-first heap   total 190464K, used 81470K [0x0000000704400000, 0x0000000800000000)
  region size 2048K, 5 young (10240K), 5 survivors (10240K)
 Metaspace       used 99010K, committed 100160K, reserved 1179648K
  class space    used 14369K, committed 14912K, reserved 1048576K
}
Event: 85.084 GC heap before
{Heap before GC invocations=34 (full 0):
 garbage-first heap   total 190464K, used 136766K [0x0000000704400000, 0x0000000800000000)
  region size 2048K, 33 young (67584K), 5 survivors (10240K)
 Metaspace       used 105188K, committed 106368K, reserved 1179648K
  class space    used 15280K, committed 15808K, reserved 1048576K
}
Event: 85.093 GC heap after
{Heap after GC invocations=35 (full 0):
 garbage-first heap   total 190464K, used 84131K [0x0000000704400000, 0x0000000800000000)
  region size 2048K, 5 young (10240K), 5 survivors (10240K)
 Metaspace       used 105188K, committed 106368K, reserved 1179648K
  class space    used 15280K, committed 15808K, reserved 1048576K
}
Event: 225.721 GC heap before
{Heap before GC invocations=36 (full 0):
 garbage-first heap   total 190464K, used 166051K [0x0000000704400000, 0x0000000800000000)
  region size 2048K, 45 young (92160K), 5 survivors (10240K)
 Metaspace       used 108866K, committed 110080K, reserved 1179648K
  class space    used 15821K, committed 16384K, reserved 1048576K
}
Event: 225.728 GC heap after
{Heap after GC invocations=37 (full 0):
 garbage-first heap   total 190464K, used 85716K [0x0000000704400000, 0x0000000800000000)
  region size 2048K, 4 young (8192K), 4 survivors (8192K)
 Metaspace       used 108866K, committed 110080K, reserved 1179648K
  class space    used 15821K, committed 16384K, reserved 1048576K
}
Event: 388.758 GC heap before
{Heap before GC invocations=37 (full 0):
 garbage-first heap   total 190464K, used 167636K [0x0000000704400000, 0x0000000800000000)
  region size 2048K, 44 young (90112K), 4 survivors (8192K)
 Metaspace       used 108946K, committed 110144K, reserved 1179648K
  class space    used 15834K, committed 16384K, reserved 1048576K
}
Event: 388.777 GC heap after
{Heap after GC invocations=38 (full 0):
 garbage-first heap   total 190464K, used 72010K [0x0000000704400000, 0x0000000800000000)
  region size 2048K, 2 young (4096K), 2 survivors (4096K)
 Metaspace       used 108946K, committed 110144K, reserved 1179648K
  class space    used 15834K, committed 16384K, reserved 1048576K
}
Event: 609.696 GC heap before
{Heap before GC invocations=38 (full 0):
 garbage-first heap   total 190464K, used 172362K [0x0000000704400000, 0x0000000800000000)
  region size 2048K, 51 young (104448K), 2 survivors (4096K)
 Metaspace       used 108946K, committed 110144K, reserved 1179648K
  class space    used 15834K, committed 16384K, reserved 1048576K
}
Event: 609.717 GC heap after
{Heap after GC invocations=39 (full 0):
 garbage-first heap   total 190464K, used 71485K [0x0000000704400000, 0x0000000800000000)
  region size 2048K, 2 young (4096K), 2 survivors (4096K)
 Metaspace       used 108946K, committed 110144K, reserved 1179648K
  class space    used 15834K, committed 16384K, reserved 1048576K
}

